<?xml version="1.0" encoding="UTF-8"?>
<!-- Generated by org.testng.reporters.JUnitReportReporter -->
<testsuite skipped="0" hostname="DESKTOP-F8KN3JR" name="TestCase1" tests="1" failures="0" timestamp="2023-02-14T09:48:45 ICT" time="3.075" errors="0">
  <testcase name="firstTry" time="3.075" classname="TestCase1"/>
  <system-out/>
</testsuite> <!-- TestCase1 -->
